<?xml version="1.0" encoding="UTF-8"?>
<!-- Generated by org.testng.reporters.JUnitReportReporter -->
<testsuite skipped="0" hostname="DESKTOP-IR4PLA5" name="com.framework_from_scratch.Page_Objectd.HomePage" tests="1" failures="0" timestamp="2021-07-05T22:14:06 EDT" time="8.133" errors="0">
  <testcase name="homePageNavigation" time="8.133" classname="com.framework_from_scratch.Page_Objectd.HomePage"/>
  <system-out/>
</testsuite> <!-- com.framework_from_scratch.Page_Objectd.HomePage -->
