<?xml version="1.0" encoding="UTF-8"?>
<!-- Generated by org.testng.reporters.JUnitReportReporter -->
<testsuite skipped="0" hostname="DESKTOP-IR4PLA5" name="com.framework_from_scratch.Page_Objectd.LoginPageTest" tests="2" failures="0" timestamp="2021-07-07T15:15:11 EDT" time="0.916" errors="0">
  <testcase name="testLoginPage" time="0.433" classname="com.framework_from_scratch.Page_Objectd.LoginPageTest"/>
  <system-out/>
  <testcase name="testLoginPage" time="0.483" classname="com.framework_from_scratch.Page_Objectd.LoginPageTest"/>
  <system-out/>
</testsuite> <!-- com.framework_from_scratch.Page_Objectd.LoginPageTest -->
