<?xml version="1.0" encoding="UTF-8"?>
<!-- Generated by org.testng.reporters.JUnitReportReporter -->
<testsuite skipped="0" hostname="DESKTOP-IR4PLA5" name="com.framework_from_scratch.Page_Objectd.HomePageTest" tests="1" failures="0" timestamp="2021-07-07T15:15:11 EDT" time="8.289" errors="0">
  <testcase name="homePageNavigation" time="8.289" classname="com.framework_from_scratch.Page_Objectd.HomePageTest"/>
  <system-out/>
</testsuite> <!-- com.framework_from_scratch.Page_Objectd.HomePageTest -->
